  OOP.cpp
C:\Users\Programming\source\repos\OOP\OOP\clsString.h(43,1): warning C4267: 'return': conversion from 'size_t' to 'short', possible loss of data
C:\Users\Programming\source\repos\OOP\OOP\clsString.h(48,1): warning C4267: 'return': conversion from 'size_t' to 'short', possible loss of data
C:\Users\Programming\source\repos\OOP\OOP\clsString.h(60,1): warning C4267: '=': conversion from 'size_t' to 'short', possible loss of data
C:\Users\Programming\source\repos\OOP\OOP\clsString.h(197,1): warning C4267: 'return': conversion from 'size_t' to 'short', possible loss of data
C:\Users\Programming\source\repos\OOP\OOP\clsString.h(328,1): warning C4267: '=': conversion from 'size_t' to 'short', possible loss of data
C:\Users\Programming\source\repos\OOP\OOP\clsString.h(376,1): warning C4267: 'initializing': conversion from 'size_t' to 'short', possible loss of data
C:\Users\Programming\source\repos\OOP\OOP\clsInputValidate.h(115,16): warning C4244: 'initializing': conversion from 'double' to 'float', possible loss of data
C:\Users\Programming\source\repos\OOP\OOP\clsInputValidate.h(119,26): warning C4244: '=': conversion from 'double' to 'float', possible loss of data
C:\Users\Programming\source\repos\OOP\OOP\clsBankClient.h(28,65): warning C4244: 'argument': conversion from 'double' to 'float', possible loss of data
C:\Users\Programming\source\repos\OOP\OOP\clsBankClient.h(357,28): warning C4244: '+=': conversion from 'double' to 'float', possible loss of data
C:\Users\Programming\source\repos\OOP\OOP\clsBankClient.h(373,32): warning C4244: '-=': conversion from 'double' to 'float', possible loss of data
C:\Users\Programming\source\repos\OOP\OOP\clsAddNewClientScreen.h(30,66): warning C4244: 'argument': conversion from 'double' to 'float', possible loss of data
C:\Users\Programming\source\repos\OOP\OOP\clsUpdateClientScreen.h(47,66): warning C4244: 'argument': conversion from 'double' to 'float', possible loss of data
C:\Users\Programming\source\repos\OOP\OOP\clsUtil.h(64,1): warning C4102: 'defualt': unreferenced label
C:\Users\Programming\source\repos\OOP\OOP\clsTotalBalancesScreen.h(57,82): warning C4244: 'argument': conversion from 'double' to 'int', possible loss of data
  Generating code
  1 of 599 functions ( 0.2%) were compiled, the rest were copied from previous compilation.
    0 functions were new in current compilation
    0 functions had inline decision re-evaluated but remain unchanged
  Finished generating code
  OOP.vcxproj -> C:\Users\Programming\source\repos\OOP\x64\Release\OOP.exe
